This file contains any messages produced by compilers while
running configure, to aid debugging if configure makes a mistake.

It was created by RtAudio configure 4.0, which was
generated by GNU Autoconf 2.63.  Invocation command line was

  $ ./configure 

## --------- ##
## Platform. ##
## --------- ##

hostname = grrrwaaa.local
uname -m = x86_64
uname -r = 10.8.0
uname -s = Darwin
uname -v = Darwin Kernel Version 10.8.0: Tue Jun  7 16:32:41 PDT 2011; root:xnu-1504.15.3~1/RELEASE_X86_64

/usr/bin/uname -p = i386
/bin/uname -X     = unknown

/bin/arch              = unknown
/usr/bin/arch -k       = unknown
/usr/convex/getsysinfo = unknown
/usr/bin/hostinfo      = Mach kernel version:
	 Darwin Kernel Version 10.8.0: Tue Jun  7 16:32:41 PDT 2011; root:xnu-1504.15.3~1/RELEASE_X86_64
Kernel configured for up to 8 processors.
4 processors are physically available.
8 processors are logically available.
Processor type: i486 (Intel 80486)
Processors active: 0 1 2 3 4 5 6 7
Primary memory available: 4.00 gigabytes
Default processor set: 122 tasks, 594 threads, 8 processors
Load average: 0.58, Mach factor: 7.40
/bin/machine           = unknown
/usr/bin/oslevel       = unknown
/bin/universe          = unknown

PATH: /opt/local/bin
PATH: /opt/local/sbin
PATH: /usr/local/git/bin
PATH: /usr/local/bin
PATH: /Users/grahamwakefield/scripts
PATH: /usr/bin
PATH: /bin
PATH: /usr/sbin
PATH: /sbin
PATH: /usr/local/bin
PATH: /usr/local/git/bin
PATH: /usr/texbin
PATH: /usr/X11/bin
PATH: /opt/local/bin
PATH: /Applications/Graphviz.app/Contents/MacOS


## ----------- ##
## Core tests. ##
## ----------- ##

configure:1932: checking for g++
configure:1948: found /usr/bin/g++
configure:1959: result: g++
configure:1986: checking for C++ compiler version
configure:1994: g++ --version >&5
i686-apple-darwin10-g++-4.2.1 (GCC) 4.2.1 (Apple Inc. build 5664)
Copyright (C) 2007 Free Software Foundation, Inc.
This is free software; see the source for copying conditions.  There is NO
warranty; not even for MERCHANTABILITY or FITNESS FOR A PARTICULAR PURPOSE.

configure:1998: $? = 0
configure:2005: g++ -v >&5
Using built-in specs.
Target: i686-apple-darwin10
Configured with: /var/tmp/gcc/gcc-5664~89/src/configure --disable-checking --enable-werror --prefix=/usr --mandir=/share/man --enable-languages=c,objc,c++,obj-c++ --program-transform-name=/^[cg][^.-]*$/s/$/-4.2/ --with-slibdir=/usr/lib --build=i686-apple-darwin10 --program-prefix=i686-apple-darwin10- --host=x86_64-apple-darwin10 --target=i686-apple-darwin10 --with-gxx-include-dir=/include/c++/4.2.1
Thread model: posix
gcc version 4.2.1 (Apple Inc. build 5664)
configure:2009: $? = 0
configure:2016: g++ -V >&5
g++-4.2: argument to `-V' is missing
configure:2020: $? = 1
configure:2043: checking for C++ compiler default output file name
configure:2065: g++    conftest.cpp  >&5
configure:2069: $? = 0
configure:2107: result: a.out
configure:2126: checking whether the C++ compiler works
configure:2136: ./a.out
configure:2140: $? = 0
configure:2159: result: yes
configure:2166: checking whether we are cross compiling
configure:2168: result: no
configure:2171: checking for suffix of executables
configure:2178: g++ -o conftest    conftest.cpp  >&5
configure:2182: $? = 0
configure:2208: result: 
configure:2214: checking for suffix of object files
configure:2240: g++ -c   conftest.cpp >&5
configure:2244: $? = 0
configure:2269: result: o
configure:2273: checking whether we are using the GNU C++ compiler
configure:2302: g++ -c   conftest.cpp >&5
configure:2309: $? = 0
configure:2326: result: yes
configure:2335: checking whether g++ accepts -g
configure:2365: g++ -c -g  conftest.cpp >&5
configure:2372: $? = 0
configure:2473: result: yes
configure:2539: checking for ranlib
configure:2555: found /usr/bin/ranlib
configure:2566: result: ranlib
configure:2590: checking for ar
configure:2608: found /usr/bin/ar
configure:2621: result: /usr/bin/ar
configure:2684: checking for gcc
configure:2700: found /usr/bin/gcc
configure:2711: result: gcc
configure:2943: checking for C compiler version
configure:2951: gcc --version >&5
i686-apple-darwin10-gcc-4.2.1 (GCC) 4.2.1 (Apple Inc. build 5664)
Copyright (C) 2007 Free Software Foundation, Inc.
This is free software; see the source for copying conditions.  There is NO
warranty; not even for MERCHANTABILITY or FITNESS FOR A PARTICULAR PURPOSE.

configure:2955: $? = 0
configure:2962: gcc -v >&5
Using built-in specs.
Target: i686-apple-darwin10
Configured with: /var/tmp/gcc/gcc-5664~89/src/configure --disable-checking --enable-werror --prefix=/usr --mandir=/share/man --enable-languages=c,objc,c++,obj-c++ --program-transform-name=/^[cg][^.-]*$/s/$/-4.2/ --with-slibdir=/usr/lib --build=i686-apple-darwin10 --program-prefix=i686-apple-darwin10- --host=x86_64-apple-darwin10 --target=i686-apple-darwin10 --with-gxx-include-dir=/include/c++/4.2.1
Thread model: posix
gcc version 4.2.1 (Apple Inc. build 5664)
configure:2966: $? = 0
configure:2973: gcc -V >&5
gcc-4.2: argument to `-V' is missing
configure:2977: $? = 1
configure:2980: checking whether we are using the GNU C compiler
configure:3009: gcc -c   conftest.c >&5
configure:3016: $? = 0
configure:3033: result: yes
configure:3042: checking whether gcc accepts -g
configure:3072: gcc -c -g  conftest.c >&5
configure:3079: $? = 0
configure:3180: result: yes
configure:3197: checking for gcc option to accept ISO C89
configure:3271: gcc  -c -g -O2  conftest.c >&5
configure:3278: $? = 0
configure:3301: result: none needed
configure:3325: checking how to run the C preprocessor
configure:3365: gcc -E  conftest.c
configure:3372: $? = 0
configure:3403: gcc -E  conftest.c
conftest.c:8:28: error: ac_nonexistent.h: No such file or directory
configure:3410: $? = 1
configure: failed program was:
| /* confdefs.h.  */
| #define PACKAGE_NAME "RtAudio"
| #define PACKAGE_TARNAME "rtaudio"
| #define PACKAGE_VERSION "4.0"
| #define PACKAGE_STRING "RtAudio 4.0"
| #define PACKAGE_BUGREPORT "gary@music.mcgill.ca"
| /* end confdefs.h.  */
| #include <ac_nonexistent.h>
configure:3443: result: gcc -E
configure:3472: gcc -E  conftest.c
configure:3479: $? = 0
configure:3510: gcc -E  conftest.c
conftest.c:8:28: error: ac_nonexistent.h: No such file or directory
configure:3517: $? = 1
configure: failed program was:
| /* confdefs.h.  */
| #define PACKAGE_NAME "RtAudio"
| #define PACKAGE_TARNAME "rtaudio"
| #define PACKAGE_VERSION "4.0"
| #define PACKAGE_STRING "RtAudio 4.0"
| #define PACKAGE_BUGREPORT "gary@music.mcgill.ca"
| /* end confdefs.h.  */
| #include <ac_nonexistent.h>
configure:3557: checking for grep that handles long lines and -e
configure:3617: result: /usr/bin/grep
configure:3622: checking for egrep
configure:3686: result: /usr/bin/grep -E
configure:3691: checking for ANSI C header files
configure:3721: gcc -c -g -O2  conftest.c >&5
configure:3728: $? = 0
configure:3827: gcc -o conftest -g -O2   conftest.c  >&5
configure:3831: $? = 0
configure:3837: ./conftest
configure:3841: $? = 0
configure:3859: result: yes
configure:3883: checking for sys/types.h
configure:3904: gcc -c -g -O2  conftest.c >&5
configure:3911: $? = 0
configure:3928: result: yes
configure:3883: checking for sys/stat.h
configure:3904: gcc -c -g -O2  conftest.c >&5
configure:3911: $? = 0
configure:3928: result: yes
configure:3883: checking for stdlib.h
configure:3904: gcc -c -g -O2  conftest.c >&5
configure:3911: $? = 0
configure:3928: result: yes
configure:3883: checking for string.h
configure:3904: gcc -c -g -O2  conftest.c >&5
configure:3911: $? = 0
configure:3928: result: yes
configure:3883: checking for memory.h
configure:3904: gcc -c -g -O2  conftest.c >&5
configure:3911: $? = 0
configure:3928: result: yes
configure:3883: checking for strings.h
configure:3904: gcc -c -g -O2  conftest.c >&5
configure:3911: $? = 0
configure:3928: result: yes
configure:3883: checking for inttypes.h
configure:3904: gcc -c -g -O2  conftest.c >&5
configure:3911: $? = 0
configure:3928: result: yes
configure:3883: checking for stdint.h
configure:3904: gcc -c -g -O2  conftest.c >&5
configure:3911: $? = 0
configure:3928: result: yes
configure:3883: checking for unistd.h
configure:3904: gcc -c -g -O2  conftest.c >&5
configure:3911: $? = 0
configure:3928: result: yes
configure:3959: checking sys/ioctl.h usability
configure:3976: gcc -c -g -O2  conftest.c >&5
configure:3983: $? = 0
configure:3997: result: yes
configure:4001: checking sys/ioctl.h presence
configure:4016: gcc -E  conftest.c
configure:4023: $? = 0
configure:4037: result: yes
configure:4070: checking for sys/ioctl.h
configure:4079: result: yes
configure:3948: checking for unistd.h
configure:3955: result: yes
configure:4096: checking whether to compile debug version
configure:4109: result: no
configure:4116: checking for gettimeofday
configure:4172: gcc -o conftest -g -O2   conftest.c  >&5
configure:4179: $? = 0
configure:4199: result: yes
configure:4227: checking build system type
configure:4245: result: i386-apple-darwin10.8.0
configure:4267: checking host system type
configure:4282: result: i386-apple-darwin10.8.0
configure:4324: checking for audio API
configure:5192: result: using CoreAudio
configure:5204: checking CoreAudio/CoreAudio.h usability
configure:5221: gcc -c -g -O2   -DHAVE_GETTIMEOFDAY conftest.c >&5
configure:5228: $? = 0
configure:5242: result: yes
configure:5246: checking CoreAudio/CoreAudio.h presence
configure:5261: gcc -E   -DHAVE_GETTIMEOFDAY conftest.c
configure:5268: $? = 0
configure:5282: result: yes
configure:5315: checking for CoreAudio/CoreAudio.h
configure:5322: result: yes
configure:5340: checking for pthread_create in -lpthread
configure:5375: gcc -o conftest -g -O2   -DHAVE_GETTIMEOFDAY  conftest.c -lpthread  -framework CoreAudio -framework CoreFoundation >&5
configure:5382: $? = 0
configure:5403: result: yes
configure:5605: creating ./config.status

## ---------------------- ##
## Running config.status. ##
## ---------------------- ##

This file was extended by RtAudio config.status 4.0, which was
generated by GNU Autoconf 2.63.  Invocation command line was

  CONFIG_FILES    = 
  CONFIG_HEADERS  = 
  CONFIG_LINKS    = 
  CONFIG_COMMANDS = 
  $ ./config.status 

on grrrwaaa.local

config.status:669: creating rtaudio-config
config.status:669: creating Makefile
config.status:669: creating tests/Makefile

## ---------------- ##
## Cache variables. ##
## ---------------- ##

ac_cv_build=i386-apple-darwin10.8.0
ac_cv_c_compiler_gnu=yes
ac_cv_cxx_compiler_gnu=yes
ac_cv_env_CCC_set=
ac_cv_env_CCC_value=
ac_cv_env_CC_set=
ac_cv_env_CC_value=
ac_cv_env_CFLAGS_set=
ac_cv_env_CFLAGS_value=
ac_cv_env_CPPFLAGS_set=
ac_cv_env_CPPFLAGS_value=
ac_cv_env_CPP_set=
ac_cv_env_CPP_value=
ac_cv_env_CXXFLAGS_set=
ac_cv_env_CXXFLAGS_value=
ac_cv_env_CXX_set=
ac_cv_env_CXX_value=
ac_cv_env_LDFLAGS_set=
ac_cv_env_LDFLAGS_value=
ac_cv_env_LIBS_set=
ac_cv_env_LIBS_value=
ac_cv_env_build_alias_set=
ac_cv_env_build_alias_value=
ac_cv_env_host_alias_set=
ac_cv_env_host_alias_value=
ac_cv_env_target_alias_set=
ac_cv_env_target_alias_value=
ac_cv_func_gettimeofday=yes
ac_cv_header_CoreAudio_CoreAudio_h=yes
ac_cv_header_inttypes_h=yes
ac_cv_header_memory_h=yes
ac_cv_header_stdc=yes
ac_cv_header_stdint_h=yes
ac_cv_header_stdlib_h=yes
ac_cv_header_string_h=yes
ac_cv_header_strings_h=yes
ac_cv_header_sys_ioctl_h=yes
ac_cv_header_sys_stat_h=yes
ac_cv_header_sys_types_h=yes
ac_cv_header_unistd_h=yes
ac_cv_host=i386-apple-darwin10.8.0
ac_cv_lib_pthread_pthread_create=yes
ac_cv_objext=o
ac_cv_path_AR=/usr/bin/ar
ac_cv_path_EGREP='/usr/bin/grep -E'
ac_cv_path_GREP=/usr/bin/grep
ac_cv_prog_CPP='gcc -E'
ac_cv_prog_ac_ct_CC=gcc
ac_cv_prog_ac_ct_CXX=g++
ac_cv_prog_ac_ct_RANLIB=ranlib
ac_cv_prog_cc_c89=
ac_cv_prog_cc_g=yes
ac_cv_prog_cxx_g=yes

## ----------------- ##
## Output variables. ##
## ----------------- ##

AR='/usr/bin/ar'
CC='gcc'
CFLAGS='-g -O2'
CPP='gcc -E'
CPPFLAGS='  -DHAVE_GETTIMEOFDAY -D__MACOSX_CORE__'
CXX='g++'
CXXFLAGS='-O2 -Wall'
DEFS='-DPACKAGE_NAME=\"RtAudio\" -DPACKAGE_TARNAME=\"rtaudio\" -DPACKAGE_VERSION=\"4.0\" -DPACKAGE_STRING=\"RtAudio\ 4.0\" -DPACKAGE_BUGREPORT=\"gary@music.mcgill.ca\" -DSTDC_HEADERS=1 -DHAVE_SYS_TYPES_H=1 -DHAVE_SYS_STAT_H=1 -DHAVE_STDLIB_H=1 -DHAVE_STRING_H=1 -DHAVE_MEMORY_H=1 -DHAVE_STRINGS_H=1 -DHAVE_INTTYPES_H=1 -DHAVE_STDINT_H=1 -DHAVE_UNISTD_H=1 -DHAVE_SYS_IOCTL_H=1 -DHAVE_UNISTD_H=1 -DHAVE_LIBPTHREAD=1'
ECHO_C='\c'
ECHO_N=''
ECHO_T=''
EGREP='/usr/bin/grep -E'
EXEEXT=''
GREP='/usr/bin/grep'
GXX='yes'
LDFLAGS=''
LIBOBJS=''
LIBS='-lpthread -framework CoreAudio -framework CoreFoundation'
LTLIBOBJS=''
OBJEXT='o'
PACKAGE_BUGREPORT='gary@music.mcgill.ca'
PACKAGE_NAME='RtAudio'
PACKAGE_STRING='RtAudio 4.0'
PACKAGE_TARNAME='rtaudio'
PACKAGE_VERSION='4.0'
PATH_SEPARATOR=':'
RANLIB='ranlib'
SHELL='/bin/sh'
ac_ct_CC='gcc'
ac_ct_CXX='g++'
api='-D__MACOSX_CORE__'
bindir='${exec_prefix}/bin'
build='i386-apple-darwin10.8.0'
build_alias=''
build_cpu='i386'
build_os='darwin10.8.0'
build_vendor='apple'
cppflag=' -DHAVE_GETTIMEOFDAY'
cxxflag='-Wall'
datadir='${datarootdir}'
datarootdir='${prefix}/share'
docdir='${datarootdir}/doc/${PACKAGE_TARNAME}'
dvidir='${docdir}'
exec_prefix='${prefix}'
host='i386-apple-darwin10.8.0'
host_alias=''
host_cpu='i386'
host_os='darwin10.8.0'
host_vendor='apple'
htmldir='${docdir}'
includedir='${prefix}/include'
infodir='${datarootdir}/info'
libdir='${exec_prefix}/lib'
libexecdir='${exec_prefix}/libexec'
libflags='-dynamiclib -o librtaudio.$(RELEASE).dylib'
localedir='${datarootdir}/locale'
localstatedir='${prefix}/var'
mandir='${datarootdir}/man'
object_path='Release'
objects=''
oldincludedir='/usr/include'
pdfdir='${docdir}'
prefix='/usr/local'
program_transform_name='s,x,x,'
psdir='${docdir}'
sbindir='${exec_prefix}/sbin'
sharedlib='librtaudio.dylib'
sharedname='librtaudio.$(RELEASE).dylib'
sharedstatedir='${prefix}/com'
sysconfdir='${prefix}/etc'
target_alias=''

## ----------- ##
## confdefs.h. ##
## ----------- ##

#define PACKAGE_NAME "RtAudio"
#define PACKAGE_TARNAME "rtaudio"
#define PACKAGE_VERSION "4.0"
#define PACKAGE_STRING "RtAudio 4.0"
#define PACKAGE_BUGREPORT "gary@music.mcgill.ca"
#define STDC_HEADERS 1
#define HAVE_SYS_TYPES_H 1
#define HAVE_SYS_STAT_H 1
#define HAVE_STDLIB_H 1
#define HAVE_STRING_H 1
#define HAVE_MEMORY_H 1
#define HAVE_STRINGS_H 1
#define HAVE_INTTYPES_H 1
#define HAVE_STDINT_H 1
#define HAVE_UNISTD_H 1
#define HAVE_SYS_IOCTL_H 1
#define HAVE_UNISTD_H 1
#define HAVE_LIBPTHREAD 1

configure: exit 0
